MM Monitor started | interval=300s | db=data/mm_paper.db
[20:44:14] No snapshots yet — bot may still be starting

[20:49:14] Check | session=20260314-204408-a0b7a8
[20:49:14] All clear

[20:54:15] Check | session=20260314-204408-a0b7a8
[20:54:15] All clear

[20:59:16] Check | session=20260314-204408-a0b7a8
[20:59:16] All clear

[21:04:16] Check | session=20260314-204408-a0b7a8
[21:04:16] All clear

[21:09:17] Check | session=20260314-204408-a0b7a8
[21:09:17] All clear

[21:14:18] Check | session=20260314-204408-a0b7a8
[21:14:18] All clear

[21:19:19] Check | session=20260314-204408-a0b7a8
[21:19:19] All clear

[21:24:20] Check | session=20260314-204408-a0b7a8
[21:24:20] All clear

[21:29:21] Check | session=20260314-204408-a0b7a8
[21:29:21] All clear

[21:34:22] Check | session=20260314-204408-a0b7a8
[21:34:22] All clear

[21:39:23] Check | session=20260314-204408-a0b7a8
[21:39:23] All clear

[21:44:24] Check | session=20260314-204408-a0b7a8
[21:44:24] All clear

[21:49:25] Check | session=20260314-204408-a0b7a8
[21:49:25] All clear

[21:54:26] Check | session=20260314-204408-a0b7a8
[21:54:26] All clear

[21:59:27] Check | session=20260314-204408-a0b7a8
[21:59:27] All clear

[22:04:28] Check | session=20260314-204408-a0b7a8
[22:04:28] All clear

[22:09:28] Check | session=20260314-204408-a0b7a8
[22:09:28] All clear

[22:14:29] Check | session=20260314-204408-a0b7a8
[22:14:29] All clear

[22:19:31] Check | session=20260314-204408-a0b7a8
[22:19:31] All clear

[22:24:31] Check | session=20260314-204408-a0b7a8
[22:24:31] All clear

[22:29:32] Check | session=20260314-204408-a0b7a8
[22:29:32] All clear

[22:34:33] Check | session=20260314-204408-a0b7a8
[22:34:33] All clear

[22:39:34] Check | session=20260314-204408-a0b7a8
[22:39:34] All clear

[22:44:35] Check | session=20260314-204408-a0b7a8
[22:44:35] All clear

[22:49:36] Check | session=20260314-204408-a0b7a8
[22:49:36] All clear

[22:54:37] Check | session=20260314-204408-a0b7a8
[22:54:37] All clear

[22:59:38] Check | session=20260314-204408-a0b7a8
[22:59:38] All clear

[23:04:39] Check | session=20260314-204408-a0b7a8
[23:04:39] All clear

[23:09:40] Check | session=20260314-204408-a0b7a8
[23:09:40] All clear

[23:14:41] Check | session=20260314-204408-a0b7a8
[23:14:41] All clear

[23:19:42] Check | session=20260314-204408-a0b7a8
[23:19:42] All clear

[23:24:43] Check | session=20260314-204408-a0b7a8
[23:24:43] All clear

[23:29:43] Check | session=20260314-204408-a0b7a8
[23:29:43] All clear

[23:34:44] Check | session=20260314-204408-a0b7a8
[23:34:44] All clear

[23:39:45] Check | session=20260314-204408-a0b7a8
[23:39:45] All clear

[23:44:46] Check | session=20260314-204408-a0b7a8
[23:44:46] All clear

[23:49:47] Check | session=20260314-204408-a0b7a8
[23:49:47] All clear

[23:54:48] Check | session=20260314-204408-a0b7a8
[23:54:48] All clear

[23:59:50] Check | session=20260314-204408-a0b7a8
[23:59:50] All clear

[00:04:51] Check | session=20260314-204408-a0b7a8
[00:04:51] All clear

[00:09:52] Check | session=20260314-204408-a0b7a8
[00:09:52] All clear

[00:14:53] Check | session=20260314-204408-a0b7a8
[00:14:53] All clear

[00:19:54] Check | session=20260314-204408-a0b7a8
[00:19:54] All clear

[00:24:55] Check | session=20260314-204408-a0b7a8
[00:24:55] All clear

[00:29:56] Check | session=20260314-204408-a0b7a8
[00:29:56] All clear

[00:34:56] Check | session=20260314-204408-a0b7a8
[00:34:56] All clear
Monitor stopped.
MM Monitor started | interval=300s | db=data/mm_paper.db
[14:40:02] No snapshots yet — bot may still be starting

[14:45:02] Check | session=20260315-143953-a65ae2
[14:45:02] All clear

[14:50:03] Check | session=20260315-143953-a65ae2
[14:50:03] All clear

[14:55:04] Check | session=20260315-143953-a65ae2
[14:55:04] All clear

[15:00:04] Check | session=20260315-143953-a65ae2
[15:00:04] All clear

[15:05:05] Check | session=20260315-143953-a65ae2
[15:05:05] All clear

[15:10:06] Check | session=20260315-143953-a65ae2
[15:10:06] All clear

[15:15:07] Check | session=20260315-143953-a65ae2
[15:15:07] All clear

[15:20:08] Check | session=20260315-143953-a65ae2
[15:20:08] All clear

[15:25:09] Check | session=20260315-143953-a65ae2
[15:25:09] All clear

[15:30:10] Check | session=20260315-143953-a65ae2
[15:30:10] All clear

[15:35:11] Check | session=20260315-143953-a65ae2
[15:35:11] All clear

[15:40:12] Check | session=20260315-143953-a65ae2
[15:40:12] All clear

[15:45:13] Check | session=20260315-143953-a65ae2
[15:45:13] All clear

[15:50:14] Check | session=20260315-143953-a65ae2
[15:50:14] All clear

[15:55:15] Check | session=20260315-143953-a65ae2
[15:55:15] All clear

[16:00:16] Check | session=20260315-143953-a65ae2
[16:00:16] All clear

[16:05:17] Check | session=20260315-143953-a65ae2
[16:05:17] All clear

[16:10:18] Check | session=20260315-143953-a65ae2
[16:10:18] All clear

[16:15:19] Check | session=20260315-143953-a65ae2
[16:15:19] All clear

[16:20:19] Check | session=20260315-143953-a65ae2
[16:20:19] All clear

[16:25:20] Check | session=20260315-143953-a65ae2
[16:25:20] All clear

[16:30:21] Check | session=20260315-143953-a65ae2
[16:30:21] All clear

[16:35:22] Check | session=20260315-143953-a65ae2
[16:35:22] All clear

[16:40:23] Check | session=20260315-143953-a65ae2
[16:40:23] All clear

[16:45:24] Check | session=20260315-143953-a65ae2
[16:45:24] All clear

[16:50:25] Check | session=20260315-143953-a65ae2
[16:50:25] All clear

[16:55:26] Check | session=20260315-143953-a65ae2
[16:55:26] All clear

[17:00:27] Check | session=20260315-143953-a65ae2
[17:00:27] All clear

[17:05:28] Check | session=20260315-143953-a65ae2
[17:05:28] All clear

[17:10:29] Check | session=20260315-143953-a65ae2
[17:10:29] All clear

[17:15:30] Check | session=20260315-143953-a65ae2
[17:15:30] All clear

[17:20:31] Check | session=20260315-143953-a65ae2
[17:20:31] All clear

[17:25:32] Check | session=20260315-143953-a65ae2
[17:25:32] All clear

[17:30:32] Check | session=20260315-143953-a65ae2
[17:30:32] All clear

[17:35:33] Check | session=20260315-143953-a65ae2
[17:35:33] All clear

[17:40:34] Check | session=20260315-143953-a65ae2
[17:40:34] All clear

[17:45:35] Check | session=20260315-143953-a65ae2
[17:45:35] All clear

[17:50:36] Check | session=20260315-143953-a65ae2
[17:50:36] All clear

[17:55:37] Check | session=20260315-143953-a65ae2
[17:55:37] All clear

[18:00:38] Check | session=20260315-143953-a65ae2
[18:00:38] All clear

[18:05:39] Check | session=20260315-143953-a65ae2
[18:05:39] All clear

[18:10:40] Check | session=20260315-143953-a65ae2
[18:10:40] All clear

[18:15:41] Check | session=20260315-143953-a65ae2
[18:15:41] All clear

[18:20:42] Check | session=20260315-143953-a65ae2
[18:20:42] All clear

[18:25:43] Check | session=20260315-143953-a65ae2
[18:25:43] All clear

[18:30:44] Check | session=20260315-143953-a65ae2
[18:30:44] All clear

[18:35:45] Check | session=20260315-143953-a65ae2
[18:35:45] All clear

[18:40:45] Check | session=20260315-143953-a65ae2
[18:40:45] All clear

[18:45:46] Check | session=20260315-143953-a65ae2
[18:45:46] All clear

[18:50:47] Check | session=20260315-143953-a65ae2
[18:50:47] All clear

[18:55:48] Check | session=20260315-143953-a65ae2
[18:55:48] All clear

[19:00:49] Check | session=20260315-143953-a65ae2
[19:00:49] All clear

[19:05:50] Check | session=20260315-143953-a65ae2
[19:05:50] All clear

[19:10:51] Check | session=20260315-143953-a65ae2
[19:10:51] All clear

[19:15:52] Check | session=20260315-143953-a65ae2
[19:15:52] All clear

[19:20:53] Check | session=20260315-143953-a65ae2
[19:20:53] All clear

[19:25:54] Check | session=20260315-143953-a65ae2
[19:25:54] All clear

[19:30:55] Check | session=20260315-143953-a65ae2
[19:30:55] All clear

[19:35:56] Check | session=20260315-143953-a65ae2
[19:35:56] All clear

[19:40:57] Check | session=20260315-143953-a65ae2
[19:40:57] All clear

[19:45:58] Check | session=20260315-143953-a65ae2
[19:45:58] All clear

[19:50:59] Check | session=20260315-143953-a65ae2
[19:50:59] All clear

[19:56:00] Check | session=20260315-143953-a65ae2
[19:56:00] All clear

[20:01:01] Check | session=20260315-143953-a65ae2
[20:01:01] All clear

[20:06:02] Check | session=20260315-143953-a65ae2
[20:06:02] All clear

[20:11:03] Check | session=20260315-143953-a65ae2
[20:11:03] All clear

[20:16:04] Check | session=20260315-143953-a65ae2
[20:16:04] All clear

[20:21:05] Check | session=20260315-143953-a65ae2
[20:21:05] All clear

[20:26:06] Check | session=20260315-143953-a65ae2
[20:26:06] All clear

[20:31:07] Check | session=20260315-143953-a65ae2
[20:31:07] All clear

[20:36:08] Check | session=20260315-143953-a65ae2
[20:36:08] All clear

[20:41:08] Check | session=20260315-143953-a65ae2
[20:41:08] All clear

[20:46:09] Check | session=20260315-143953-a65ae2
[20:46:09] All clear

[20:51:10] Check | session=20260315-143953-a65ae2
[20:51:10] All clear

[20:56:11] Check | session=20260315-143953-a65ae2
[20:56:11] All clear

[21:01:12] Check | session=20260315-143953-a65ae2
[21:01:12] All clear

[21:06:13] Check | session=20260315-143953-a65ae2
[21:06:13] All clear

[21:11:14] Check | session=20260315-143953-a65ae2
[21:11:14] All clear

[21:16:15] Check | session=20260315-143953-a65ae2
[21:16:15] All clear

[21:21:16] Check | session=20260315-143953-a65ae2
[21:21:16] All clear

[21:26:17] Check | session=20260315-143953-a65ae2
[21:26:17] All clear

[21:31:18] Check | session=20260315-143953-a65ae2
[21:31:18] All clear

[21:36:19] Check | session=20260315-143953-a65ae2
[21:36:19] All clear

[21:41:20] Check | session=20260315-143953-a65ae2
[21:41:20] All clear

[21:46:20] Check | session=20260315-143953-a65ae2
[21:46:20] All clear

[21:51:21] Check | session=20260315-143953-a65ae2
[21:51:21] All clear

[21:56:22] Check | session=20260315-143953-a65ae2
[21:56:22] All clear

[22:01:23] Check | session=20260315-143953-a65ae2
[22:01:23] All clear

[22:06:24] Check | session=20260315-143953-a65ae2
[22:06:24] All clear

[22:11:25] Check | session=20260315-143953-a65ae2
[22:11:25] All clear

[22:16:26] Check | session=20260315-143953-a65ae2
[22:16:26] All clear

[22:21:27] Check | session=20260315-143953-a65ae2
[22:21:27] All clear

[22:26:28] Check | session=20260315-143953-a65ae2
[22:26:28] All clear

[22:31:29] Check | session=20260315-143953-a65ae2
[22:31:29] All clear

[22:36:30] Check | session=20260315-143953-a65ae2
[22:36:30] All clear

[22:41:31] Check | session=20260315-143953-a65ae2
[22:41:31] All clear

[22:46:32] Check | session=20260315-143953-a65ae2
[22:46:32] All clear

[22:51:33] Check | session=20260315-143953-a65ae2
[22:51:33] All clear

[22:56:34] Check | session=20260315-143953-a65ae2
[22:56:34] All clear

[23:01:34] Check | session=20260315-143953-a65ae2
[23:01:34] All clear

[23:06:35] Check | session=20260315-143953-a65ae2
[23:06:35] All clear

[23:11:36] Check | session=20260315-143953-a65ae2
[23:11:36] All clear

[23:16:37] Check | session=20260315-143953-a65ae2
[23:16:37] All clear

[23:21:38] Check | session=20260315-143953-a65ae2
[23:21:38] All clear

[23:26:39] Check | session=20260315-143953-a65ae2
[23:26:39] All clear

[23:31:40] Check | session=20260315-143953-a65ae2
[23:31:40] All clear

[23:36:41] Check | session=20260315-143953-a65ae2
[23:36:41] All clear

[23:41:42] Check | session=20260315-143953-a65ae2
[23:41:42] All clear

[23:46:43] Check | session=20260315-143953-a65ae2
[23:46:43] All clear

[23:51:44] Check | session=20260315-143953-a65ae2
[23:51:44] All clear

[23:56:44] Check | session=20260315-143953-a65ae2
[23:56:44] All clear

[00:01:45] Check | session=20260315-143953-a65ae2
[00:01:45] All clear

[00:06:46] Check | session=20260315-143953-a65ae2
[00:06:46] All clear

[00:11:47] Check | session=20260315-143953-a65ae2
[00:11:47] All clear

[00:16:48] Check | session=20260315-143953-a65ae2
[00:16:48] All clear

[00:21:49] Check | session=20260315-143953-a65ae2
[00:21:49] All clear

[00:26:50] Check | session=20260315-143953-a65ae2
[00:26:50] All clear

[00:31:51] Check | session=20260315-143953-a65ae2
[00:31:51] All clear

[00:36:52] Check | session=20260315-143953-a65ae2
[00:36:52] All clear

[00:41:53] Check | session=20260315-143953-a65ae2
[00:41:53] All clear

[00:46:54] Check | session=20260315-143953-a65ae2
[00:46:54] All clear

[00:51:55] Check | session=20260315-143953-a65ae2
[00:51:55] All clear

[00:56:56] Check | session=20260315-143953-a65ae2
[00:56:56] All clear

[01:01:57] Check | session=20260315-143953-a65ae2
[01:01:57] All clear

[01:06:58] Check | session=20260315-143953-a65ae2
[01:06:58] All clear

[01:11:59] Check | session=20260315-143953-a65ae2
[01:11:59] All clear

[01:17:00] Check | session=20260315-143953-a65ae2
[01:17:00] All clear

[01:22:01] Check | session=20260315-143953-a65ae2
[01:22:01] All clear

[01:27:02] Check | session=20260315-143953-a65ae2
[01:27:02] All clear

[01:32:03] Check | session=20260315-143953-a65ae2
[01:32:03] All clear

[01:37:03] Check | session=20260315-143953-a65ae2
[01:37:03] All clear

[01:42:04] Check | session=20260315-143953-a65ae2
[01:42:04] All clear

[01:47:05] Check | session=20260315-143953-a65ae2
[01:47:05] All clear

[01:52:06] Check | session=20260315-143953-a65ae2
[01:52:06] All clear

[01:57:07] Check | session=20260315-143953-a65ae2
[01:57:07] All clear

[02:02:08] Check | session=20260315-143953-a65ae2
[02:02:08] All clear

[02:07:09] Check | session=20260315-143953-a65ae2
[02:07:09] All clear

[02:12:10] Check | session=20260315-143953-a65ae2
[02:12:10] All clear

[02:17:13] Check | session=20260315-143953-a65ae2
[02:17:13] All clear

[02:22:15] Check | session=20260315-143953-a65ae2
[02:22:15] All clear

[02:27:16] Check | session=20260315-143953-a65ae2
[02:27:16] All clear

[02:32:16] Check | session=20260315-143953-a65ae2
[02:32:16] All clear

[02:37:17] Check | session=20260315-143953-a65ae2
[02:37:17] All clear

[02:42:18] Check | session=20260315-143953-a65ae2
[02:42:18] All clear

[02:47:19] Check | session=20260315-143953-a65ae2
[02:47:19] All clear

[02:52:20] Check | session=20260315-143953-a65ae2
[02:52:20] All clear

[02:57:21] Check | session=20260315-143953-a65ae2
[02:57:21] All clear

[03:02:22] Check | session=20260315-143953-a65ae2
[03:02:22] All clear

[03:07:23] Check | session=20260315-143953-a65ae2
[03:07:23] All clear

[03:12:23] Check | session=20260315-143953-a65ae2
[03:12:23] All clear

[03:17:25] Check | session=20260315-143953-a65ae2
[03:17:25] All clear

[03:22:25] Check | session=20260315-143953-a65ae2
[03:22:25] All clear

[03:27:26] Check | session=20260315-143953-a65ae2
[03:27:26] All clear

[03:32:27] Check | session=20260315-143953-a65ae2
[03:32:27] All clear

[03:37:28] Check | session=20260315-143953-a65ae2
[03:37:28] All clear

[03:42:29] Check | session=20260315-143953-a65ae2
[03:42:29] All clear

[03:47:30] Check | session=20260315-143953-a65ae2
[03:47:30] All clear

[03:52:31] Check | session=20260315-143953-a65ae2
[03:52:31] All clear

[03:57:32] Check | session=20260315-143953-a65ae2
[03:57:32] All clear

[04:02:33] Check | session=20260315-143953-a65ae2
[04:02:33] All clear

[04:07:34] Check | session=20260315-143953-a65ae2
[04:07:34] All clear

[04:12:35] Check | session=20260315-143953-a65ae2
[04:12:35] All clear

[04:17:36] Check | session=20260315-143953-a65ae2
[04:17:36] All clear

[04:22:37] Check | session=20260315-143953-a65ae2
[04:22:37] All clear

[04:27:38] Check | session=20260315-143953-a65ae2
[04:27:38] All clear

[04:32:39] Check | session=20260315-143953-a65ae2
[04:32:39] All clear

[04:37:39] Check | session=20260315-143953-a65ae2
[04:37:39] All clear

[04:42:40] Check | session=20260315-143953-a65ae2
[04:42:40] All clear

[04:47:41] Check | session=20260315-143953-a65ae2
[04:47:41] All clear

[04:52:42] Check | session=20260315-143953-a65ae2
[04:52:42] All clear

[04:57:43] Check | session=20260315-143953-a65ae2
[04:57:43] All clear

[05:02:44] Check | session=20260315-143953-a65ae2
[05:02:44] All clear

[05:07:45] Check | session=20260315-143953-a65ae2
[05:07:45] All clear

[05:12:46] Check | session=20260315-143953-a65ae2
[05:12:46] All clear

[05:17:47] Check | session=20260315-143953-a65ae2
[05:17:47] All clear

[05:22:48] Check | session=20260315-143953-a65ae2
[05:22:48] All clear

[05:27:48] Check | session=20260315-143953-a65ae2
[05:27:48] All clear

[05:32:49] Check | session=20260315-143953-a65ae2
[05:32:49] All clear

[05:37:50] Check | session=20260315-143953-a65ae2
[05:37:50] All clear

[05:42:51] Check | session=20260315-143953-a65ae2
[05:42:51] All clear

[05:47:52] Check | session=20260315-143953-a65ae2
[05:47:52] All clear

[05:52:53] Check | session=20260315-143953-a65ae2
[05:52:53] All clear

[05:57:54] Check | session=20260315-143953-a65ae2
[05:57:54] All clear

[06:02:55] Check | session=20260315-143953-a65ae2
[06:02:55] All clear

[06:07:56] Check | session=20260315-143953-a65ae2
[06:07:56] All clear

[06:12:57] Check | session=20260315-143953-a65ae2
[06:12:57] All clear

[06:17:58] Check | session=20260315-143953-a65ae2
[06:17:58] All clear

[06:22:58] Check | session=20260315-143953-a65ae2
[06:22:58] All clear

[06:28:00] Check | session=20260315-143953-a65ae2
[06:28:00] All clear

[06:33:02] Check | session=20260315-143953-a65ae2
[06:33:02] All clear

[06:38:03] Check | session=20260315-143953-a65ae2
[06:38:03] All clear

[06:43:04] Check | session=20260315-143953-a65ae2
[06:43:04] All clear

[06:48:05] Check | session=20260315-143953-a65ae2
[06:48:05] All clear

[06:53:06] Check | session=20260315-143953-a65ae2
[06:53:06] All clear

[06:58:06] Check | session=20260315-143953-a65ae2
[06:58:06] All clear

[07:03:07] Check | session=20260315-143953-a65ae2
[07:03:07] All clear

[07:08:08] Check | session=20260315-143953-a65ae2
[07:08:08] All clear

[07:13:09] Check | session=20260315-143953-a65ae2
[07:13:09] All clear

[07:18:10] Check | session=20260315-143953-a65ae2
[07:18:10] All clear

[07:23:11] Check | session=20260315-143953-a65ae2
[07:23:11] All clear

[07:28:12] Check | session=20260315-143953-a65ae2
[07:28:12] All clear

[07:33:13] Check | session=20260315-143953-a65ae2
[07:33:13] All clear

[07:38:14] Check | session=20260315-143953-a65ae2
[07:38:14] All clear

[07:43:14] Check | session=20260315-143953-a65ae2
[07:43:14] All clear

[07:48:15] Check | session=20260315-143953-a65ae2
[07:48:15] All clear

[07:53:17] Check | session=20260315-143953-a65ae2
[07:53:17] All clear

[07:58:17] Check | session=20260315-143953-a65ae2
[07:58:17] All clear

[08:03:18] Check | session=20260315-143953-a65ae2
[08:03:18] All clear

[08:08:19] Check | session=20260315-143953-a65ae2
[08:08:19] All clear

[08:13:20] Check | session=20260315-143953-a65ae2
[08:13:20] All clear

[08:18:21] Check | session=20260315-143953-a65ae2
[08:18:21] All clear

[08:23:22] Check | session=20260315-143953-a65ae2
[08:23:22] All clear

[08:28:23] Check | session=20260315-143953-a65ae2
[08:28:23] All clear

[08:33:24] Check | session=20260315-143953-a65ae2
[08:33:24] All clear

[08:38:25] Check | session=20260315-143953-a65ae2
[08:38:25] All clear

[08:43:26] Check | session=20260315-143953-a65ae2
[08:43:26] All clear

[08:48:27] Check | session=20260315-143953-a65ae2
[08:48:27] All clear

[08:53:28] Check | session=20260315-143953-a65ae2
[08:53:28] All clear

[08:58:29] Check | session=20260315-143953-a65ae2
[08:58:29] All clear

[09:03:30] Check | session=20260315-143953-a65ae2
[09:03:30] All clear

[09:08:31] Check | session=20260315-143953-a65ae2
[09:08:31] All clear

[09:13:32] Check | session=20260315-143953-a65ae2
[09:13:32] All clear

[09:18:33] Check | session=20260315-143953-a65ae2
[09:18:33] All clear

[09:23:34] Check | session=20260315-143953-a65ae2
[09:23:34] All clear

[09:28:35] Check | session=20260315-143953-a65ae2
[09:28:35] All clear

[09:33:36] Check | session=20260315-143953-a65ae2
[09:33:36] All clear

[09:38:37] Check | session=20260315-143953-a65ae2
[09:38:37] All clear

[09:43:38] Check | session=20260315-143953-a65ae2
[09:43:38] All clear

[09:48:39] Check | session=20260315-143953-a65ae2
[09:48:39] All clear

[09:53:40] Check | session=20260315-143953-a65ae2
[09:53:40] All clear

[09:58:42] Check | session=20260315-143953-a65ae2
[09:58:42] All clear

[10:03:42] Check | session=20260315-143953-a65ae2
[10:03:42] All clear

[10:08:44] Check | session=20260315-143953-a65ae2
[10:08:44] All clear

[10:13:44] Check | session=20260315-143953-a65ae2
[10:13:44] All clear

[10:18:45] Check | session=20260315-143953-a65ae2
[10:18:45] All clear

[10:23:46] Check | session=20260315-143953-a65ae2
[10:23:46] All clear

[10:28:47] Check | session=20260315-143953-a65ae2
[10:28:47] All clear

[10:33:48] Check | session=20260315-143953-a65ae2
[10:33:48] All clear

[10:38:50] Check | session=20260315-143953-a65ae2
[10:38:50] All clear

[10:43:51] Check | session=20260315-143953-a65ae2
[10:43:51] All clear

[10:48:52] Check | session=20260315-143953-a65ae2
[10:48:52] All clear

[10:53:53] Check | session=20260315-143953-a65ae2
[10:53:53] All clear

[10:58:54] Check | session=20260315-143953-a65ae2
[10:58:54] All clear

[11:03:55] Check | session=20260315-143953-a65ae2
[11:03:55] All clear

[11:08:56] Check | session=20260315-143953-a65ae2
[11:08:56] All clear

[11:13:57] Check | session=20260315-143953-a65ae2
[11:13:57] All clear

[11:18:58] Check | session=20260315-143953-a65ae2
[11:18:58] All clear

[11:23:59] Check | session=20260315-143953-a65ae2
[11:23:59] All clear

[11:29:00] Check | session=20260315-143953-a65ae2
[11:29:00] All clear

[11:34:00] Check | session=20260315-143953-a65ae2
[11:34:00] All clear

[11:39:01] Check | session=20260315-143953-a65ae2
[11:39:01] All clear

[11:44:02] Check | session=20260315-143953-a65ae2
[11:44:02] All clear

[11:49:04] Check | session=20260315-143953-a65ae2
[11:49:04] All clear

[11:54:04] Check | session=20260315-143953-a65ae2
[11:54:04] All clear

[11:59:05] Check | session=20260315-143953-a65ae2
[11:59:05] All clear

[12:04:06] Check | session=20260315-143953-a65ae2
[12:04:06] All clear

[12:09:07] Check | session=20260315-143953-a65ae2
[12:09:07] All clear

[12:14:08] Check | session=20260315-143953-a65ae2
[12:14:08] All clear

[12:19:09] Check | session=20260315-143953-a65ae2
[12:19:09] All clear

[12:24:10] Check | session=20260315-143953-a65ae2
[12:24:10] All clear

[12:29:11] Check | session=20260315-143953-a65ae2
[12:29:11] All clear

[12:34:12] Check | session=20260315-143953-a65ae2
[12:34:12] All clear

[12:39:13] Check | session=20260315-143953-a65ae2
[12:39:13] All clear

[12:44:14] Check | session=20260315-143953-a65ae2
[12:44:14] All clear

[12:49:15] Check | session=20260315-143953-a65ae2
[12:49:15] All clear

[12:54:16] Check | session=20260315-143953-a65ae2
[12:54:16] All clear

[12:59:17] Check | session=20260315-143953-a65ae2
[12:59:17] All clear

[13:04:18] Check | session=20260315-143953-a65ae2
[13:04:18] All clear

[13:09:19] Check | session=20260315-143953-a65ae2
[13:09:19] All clear

[13:14:20] Check | session=20260315-143953-a65ae2
[13:14:20] All clear

[13:19:21] Check | session=20260315-143953-a65ae2
[13:19:21] All clear

[13:24:22] Check | session=20260315-143953-a65ae2
[13:24:22] All clear

[13:29:23] Check | session=20260315-143953-a65ae2
[13:29:23] All clear

[13:34:24] Check | session=20260315-143953-a65ae2
[13:34:24] All clear

[13:39:25] Check | session=20260315-143953-a65ae2
[13:39:25] All clear

[13:44:26] Check | session=20260315-143953-a65ae2
[13:44:26] All clear

[13:49:27] Check | session=20260315-143953-a65ae2
[13:49:27] All clear

[13:54:28] Check | session=20260315-143953-a65ae2
[13:54:28] All clear

[13:59:29] Check | session=20260315-143953-a65ae2
[13:59:29] All clear

[14:04:30] Check | session=20260315-143953-a65ae2
[14:04:30] All clear

[14:09:31] Check | session=20260315-143953-a65ae2
[14:09:31] All clear

[14:14:32] Check | session=20260315-143953-a65ae2
[14:14:32] All clear

[14:19:33] Check | session=20260315-143953-a65ae2
[14:19:33] All clear

[14:24:34] Check | session=20260315-143953-a65ae2
[14:24:34] All clear

[14:29:35] Check | session=20260315-143953-a65ae2
[14:29:35] All clear

[14:34:36] Check | session=20260315-143953-a65ae2
[14:34:36] All clear

[14:39:37] Check | session=20260315-143953-a65ae2
[14:39:37] All clear

[14:44:37] Check | session=20260315-143953-a65ae2
[14:44:37] All clear
Monitor stopped.
MM Monitor started | interval=300s | db=data/mm_paper.db
[14:52:27] No snapshots yet — bot may still be starting

[14:57:27] Check | session=20260316-145216-143e53
[14:57:27] All clear

[15:02:27] Check | session=20260316-145216-143e53
[15:02:27] All clear

[15:07:29] Check | session=20260316-145216-143e53
[15:07:29] All clear

[15:12:30] Check | session=20260316-145216-143e53
[15:12:30] All clear

[15:17:31] Check | session=20260316-145216-143e53
[15:17:31] All clear

[15:22:31] Check | session=20260316-145216-143e53
[15:22:31] All clear

[15:27:32] Check | session=20260316-145216-143e53
[15:27:32] All clear

[15:32:33] Check | session=20260316-145216-143e53
[15:32:33] All clear

[15:37:34] Check | session=20260316-145216-143e53
[15:37:34] All clear

[15:42:35] Check | session=20260316-145216-143e53
[15:42:35] All clear

[15:47:36] Check | session=20260316-145216-143e53
[15:47:36] All clear

[15:52:37] Check | session=20260316-145216-143e53
[15:52:37] All clear

[15:57:38] Check | session=20260316-145216-143e53
[15:57:38] All clear

[16:02:39] Check | session=20260316-145216-143e53
[16:02:39] All clear

[16:07:40] Check | session=20260316-145216-143e53
[16:07:40] All clear

[16:12:41] Check | session=20260316-145216-143e53
[16:12:41] All clear

[16:17:42] Check | session=20260316-145216-143e53
[16:17:42] All clear

[16:22:43] Check | session=20260316-145216-143e53
[16:22:43] All clear

[16:27:44] Check | session=20260316-145216-143e53
[16:27:44] All clear

[16:32:45] Check | session=20260316-145216-143e53
[16:32:45] All clear

[16:37:45] Check | session=20260316-145216-143e53
[16:37:45] All clear

[16:42:46] Check | session=20260316-145216-143e53
[16:42:46] All clear

[16:47:47] Check | session=20260316-145216-143e53
[16:47:47] All clear

[16:52:48] Check | session=20260316-145216-143e53
[16:52:48] All clear

[16:57:49] Check | session=20260316-145216-143e53
[16:57:49] All clear

[17:02:50] Check | session=20260316-145216-143e53
[17:02:50] All clear

[17:07:51] Check | session=20260316-145216-143e53
[17:07:51] All clear

[17:12:52] Check | session=20260316-145216-143e53
[17:12:52] All clear

[17:17:52] Check | session=20260316-145216-143e53
[17:17:52] All clear

[17:22:53] Check | session=20260316-145216-143e53
[17:22:53] All clear

[17:27:54] Check | session=20260316-145216-143e53
[17:27:54] All clear

[17:32:55] Check | session=20260316-145216-143e53
[17:32:55] All clear

[17:37:56] Check | session=20260316-145216-143e53
[17:37:56] All clear

[17:42:57] Check | session=20260316-145216-143e53
[17:42:57] All clear

[17:47:58] Check | session=20260316-145216-143e53
[17:47:58] All clear

[17:52:59] Check | session=20260316-145216-143e53
[17:52:59] All clear

[17:58:00] Check | session=20260316-145216-143e53
[17:58:00] All clear

[18:03:01] Check | session=20260316-145216-143e53
[18:03:01] All clear

[18:08:02] Check | session=20260316-145216-143e53
[18:08:02] All clear

[18:13:03] Check | session=20260316-145216-143e53
[18:13:03] All clear

[18:18:04] Check | session=20260316-145216-143e53
[18:18:04] All clear

[18:23:04] Check | session=20260316-145216-143e53
[18:23:04] All clear

[18:28:05] Check | session=20260316-145216-143e53
[18:28:05] All clear

[18:33:06] Check | session=20260316-145216-143e53
[18:33:06] All clear

[18:38:07] Check | session=20260316-145216-143e53
[18:38:07] All clear

[18:43:08] Check | session=20260316-145216-143e53
[18:43:08] All clear

[18:48:09] Check | session=20260316-145216-143e53
[18:48:09] All clear

[18:53:10] Check | session=20260316-145216-143e53
[18:53:10] All clear

[18:58:11] Check | session=20260316-145216-143e53
[18:58:11] All clear

[19:03:12] Check | session=20260316-145216-143e53
[19:03:12] All clear

[19:08:13] Check | session=20260316-145216-143e53
[19:08:13] All clear

[19:13:14] Check | session=20260316-145216-143e53
[19:13:14] All clear

[19:18:15] Check | session=20260316-145216-143e53
[19:18:15] All clear

[19:23:16] Check | session=20260316-145216-143e53
[19:23:16] All clear

[19:28:17] Check | session=20260316-145216-143e53
[19:28:17] All clear

[19:33:18] Check | session=20260316-145216-143e53
[19:33:18] All clear

[19:38:19] Check | session=20260316-145216-143e53
[19:38:19] All clear

[19:43:19] Check | session=20260316-145216-143e53
[19:43:19] All clear

[19:48:20] Check | session=20260316-145216-143e53
[19:48:20] All clear

[19:53:21] Check | session=20260316-145216-143e53
[19:53:21] All clear

[19:58:22] Check | session=20260316-145216-143e53
[19:58:22] All clear

[20:03:23] Check | session=20260316-145216-143e53
[20:03:23] All clear

[20:08:24] Check | session=20260316-145216-143e53
[20:08:24] All clear

[20:13:25] Check | session=20260316-145216-143e53
[20:13:25] All clear

[20:18:26] Check | session=20260316-145216-143e53
[20:18:26] All clear

[20:23:28] Check | session=20260316-145216-143e53
[20:23:28] All clear

[20:28:29] Check | session=20260316-145216-143e53
[20:28:29] All clear

[20:33:30] Check | session=20260316-145216-143e53
[20:33:30] All clear

[20:38:31] Check | session=20260316-145216-143e53
[20:38:31] All clear

[20:43:33] Check | session=20260316-145216-143e53
[20:43:33] All clear

[20:48:34] Check | session=20260316-145216-143e53
[20:48:34] All clear

[20:53:35] Check | session=20260316-145216-143e53
[20:53:35] All clear

[20:58:36] Check | session=20260316-145216-143e53
[20:58:36] All clear

[21:03:37] Check | session=20260316-145216-143e53
[21:03:37] All clear

[21:08:39] Check | session=20260316-145216-143e53
[21:08:39] All clear

[21:13:41] Check | session=20260316-145216-143e53
[21:13:41] All clear

[21:18:42] Check | session=20260316-145216-143e53
[21:18:42] All clear

[21:23:43] Check | session=20260316-145216-143e53
[21:23:43] All clear

[21:28:44] Check | session=20260316-145216-143e53
[21:28:44] All clear

[21:33:45] Check | session=20260316-145216-143e53
[21:33:45] All clear

[21:38:47] Check | session=20260316-145216-143e53
[21:38:47] All clear

[21:43:48] Check | session=20260316-145216-143e53
[21:43:48] All clear

[21:48:49] Check | session=20260316-145216-143e53
[21:48:49] All clear

[21:53:50] Check | session=20260316-145216-143e53
[21:53:50] All clear

[21:58:53] Check | session=20260316-145216-143e53
[21:58:53] All clear

[22:03:54] Check | session=20260316-145216-143e53
[22:03:54] All clear

[22:08:55] Check | session=20260316-145216-143e53
[22:08:55] All clear

[22:13:56] Check | session=20260316-145216-143e53
[22:13:56] All clear

[22:18:56] Check | session=20260316-145216-143e53
[22:18:56] All clear

[22:23:58] Check | session=20260316-145216-143e53
[22:23:58] All clear

[22:28:59] Check | session=20260316-145216-143e53
[22:28:59] All clear

[22:34:00] Check | session=20260316-145216-143e53
[22:34:00] All clear

[22:39:01] Check | session=20260316-145216-143e53
[22:39:01] All clear

[22:44:02] Check | session=20260316-145216-143e53
[22:44:02] All clear

[22:49:03] Check | session=20260316-145216-143e53
[22:49:03] All clear

[22:54:04] Check | session=20260316-145216-143e53
[22:54:04] All clear

[22:59:05] Check | session=20260316-145216-143e53
[22:59:05] All clear

[23:04:06] Check | session=20260316-145216-143e53
[23:04:06] All clear

[23:09:07] Check | session=20260316-145216-143e53
[23:09:07] All clear

[23:14:08] Check | session=20260316-145216-143e53
[23:14:08] All clear

[23:19:10] Check | session=20260316-145216-143e53
[23:19:10] All clear

[23:24:11] Check | session=20260316-145216-143e53
[23:24:11] All clear

[23:29:12] Check | session=20260316-145216-143e53
[23:29:12] All clear

[23:34:13] Check | session=20260316-145216-143e53
[23:34:13] All clear

[23:39:14] Check | session=20260316-145216-143e53
[23:39:14] All clear

[23:44:15] Check | session=20260316-145216-143e53
[23:44:15] All clear

[23:49:16] Check | session=20260316-145216-143e53
[23:49:16] All clear

[23:54:17] Check | session=20260316-145216-143e53
[23:54:17] All clear

[23:59:18] Check | session=20260316-145216-143e53
[23:59:18] All clear

[00:04:18] Check | session=20260316-145216-143e53
[00:04:18] All clear

[00:09:19] Check | session=20260316-145216-143e53
[00:09:19] All clear

[00:14:20] Check | session=20260316-145216-143e53
[00:14:20] All clear

[00:19:21] Check | session=20260316-145216-143e53
[00:19:21] All clear

[00:24:22] Check | session=20260316-145216-143e53
[00:24:22] All clear

[00:29:23] Check | session=20260316-145216-143e53
[00:29:23] All clear

[00:34:24] Check | session=20260316-145216-143e53
[00:34:24] All clear

[00:39:25] Check | session=20260316-145216-143e53
[00:39:25] All clear

[00:44:26] Check | session=20260316-145216-143e53
[00:44:26] All clear

[00:49:27] Check | session=20260316-145216-143e53
[00:49:27] All clear

[00:54:28] Check | session=20260316-145216-143e53
[00:54:28] All clear

[00:59:29] Check | session=20260316-145216-143e53
[00:59:29] All clear

[01:04:30] Check | session=20260316-145216-143e53
[01:04:30] All clear
Monitor stopped.
MM Monitor started | interval=300s | db=data/mm_paper.db
[15:27:51] No snapshots yet — bot may still be starting

[15:32:51] Check | session=20260318-152746-2de6fb
[15:32:51] All clear

[15:37:52] Check | session=20260318-152746-2de6fb
[15:37:52] All clear

[15:42:53] Check | session=20260318-152746-2de6fb
[15:42:53] All clear

[15:47:54] Check | session=20260318-152746-2de6fb
[15:47:54] All clear

[15:52:55] Check | session=20260318-152746-2de6fb
[15:52:55] All clear

[15:57:56] Check | session=20260318-152746-2de6fb
[15:57:56] All clear

[16:02:57] Check | session=20260318-152746-2de6fb
[16:02:57] All clear

[16:07:58] Check | session=20260318-152746-2de6fb
[16:07:58] All clear

[16:12:59] Check | session=20260318-152746-2de6fb
[16:12:59] All clear

[16:18:00] Check | session=20260318-152746-2de6fb
[16:18:00] All clear

[16:23:02] Check | session=20260318-152746-2de6fb
[16:23:02] All clear

[16:28:03] Check | session=20260318-152746-2de6fb
[16:28:03] All clear

[16:33:04] Check | session=20260318-152746-2de6fb
[16:33:04] All clear

[16:38:05] Check | session=20260318-152746-2de6fb
[16:38:05] All clear

[16:43:06] Check | session=20260318-152746-2de6fb
[16:43:06] All clear

[16:48:06] Check | session=20260318-152746-2de6fb
[16:48:06] All clear

[16:53:07] Check | session=20260318-152746-2de6fb
[16:53:07] All clear

[16:58:08] Check | session=20260318-152746-2de6fb
[16:58:08] All clear

[17:03:09] Check | session=20260318-152746-2de6fb
[17:03:09] All clear

[17:08:10] Check | session=20260318-152746-2de6fb
[17:08:10] All clear

[17:13:12] Check | session=20260318-152746-2de6fb
[17:13:12] All clear

[17:18:12] Check | session=20260318-152746-2de6fb
[17:18:12] All clear

[17:23:13] Check | session=20260318-152746-2de6fb
[17:23:13] All clear

[17:28:14] Check | session=20260318-152746-2de6fb
[17:28:14] All clear

[17:33:15] Check | session=20260318-152746-2de6fb
[17:33:15] All clear
MM Monitor started | interval=300s | db=data/mm_paper.db

[17:34:52] Check | session=20260318-152746-2de6fb
[17:34:52] All clear
Monitor stopped.

[17:39:52] Check | session=20260318-173447-d9e8e0
[17:39:52] All clear

[17:44:53] Check | session=20260318-173447-d9e8e0
[17:44:53] All clear

[17:49:54] Check | session=20260318-173447-d9e8e0
[17:49:54] All clear

[17:54:55] Check | session=20260318-173447-d9e8e0
[17:54:55] All clear

[17:59:56] Check | session=20260318-173447-d9e8e0
[17:59:56] All clear

[18:04:57] Check | session=20260318-173447-d9e8e0
[18:04:57] All clear

[18:09:58] Check | session=20260318-173447-d9e8e0
[18:09:58] All clear

[18:14:59] Check | session=20260318-173447-d9e8e0
[18:14:59] All clear

[18:20:00] Check | session=20260318-173447-d9e8e0
[18:20:00] All clear

[18:25:01] Check | session=20260318-173447-d9e8e0
[18:25:01] All clear

[18:30:02] Check | session=20260318-173447-d9e8e0
[18:30:02] All clear

[18:35:03] Check | session=20260318-173447-d9e8e0
[18:35:03] All clear

[18:40:04] Check | session=20260318-173447-d9e8e0
[18:40:04] All clear

[18:45:05] Check | session=20260318-173447-d9e8e0
[18:45:05] All clear

[18:50:06] Check | session=20260318-173447-d9e8e0
[18:50:06] All clear

[18:55:07] Check | session=20260318-173447-d9e8e0
[18:55:07] All clear

[19:00:07] Check | session=20260318-173447-d9e8e0
[19:00:07] All clear

[19:05:08] Check | session=20260318-173447-d9e8e0
[19:05:08] All clear

[19:10:09] Check | session=20260318-173447-d9e8e0
[19:10:09] All clear

[19:15:10] Check | session=20260318-173447-d9e8e0
[19:15:10] All clear

[19:20:12] Check | session=20260318-173447-d9e8e0
[19:20:12] All clear

[19:25:12] Check | session=20260318-173447-d9e8e0
[19:25:12] All clear

[19:30:13] Check | session=20260318-173447-d9e8e0
[19:30:13] All clear

[19:35:14] Check | session=20260318-173447-d9e8e0
[19:35:14] All clear

[19:40:15] Check | session=20260318-173447-d9e8e0
[19:40:15] All clear

[19:45:16] Check | session=20260318-173447-d9e8e0
[19:45:16] All clear

[19:50:17] Check | session=20260318-173447-d9e8e0
[19:50:17] All clear

[19:55:18] Check | session=20260318-173447-d9e8e0
[19:55:18] All clear

[20:00:19] Check | session=20260318-173447-d9e8e0
[20:00:19] All clear

[20:05:20] Check | session=20260318-173447-d9e8e0
[20:05:20] All clear

[20:10:21] Check | session=20260318-173447-d9e8e0
[20:10:21] All clear

[20:15:21] Check | session=20260318-173447-d9e8e0
[20:15:21] All clear

[20:20:22] Check | session=20260318-173447-d9e8e0
[20:20:22] All clear

[20:25:23] Check | session=20260318-173447-d9e8e0
[20:25:23] All clear

[20:30:24] Check | session=20260318-173447-d9e8e0
[20:30:24] All clear

[20:35:25] Check | session=20260318-173447-d9e8e0
[20:35:25] All clear

[20:40:26] Check | session=20260318-173447-d9e8e0
[20:40:26] All clear

[20:45:27] Check | session=20260318-173447-d9e8e0
[20:45:27] All clear

[20:50:28] Check | session=20260318-173447-d9e8e0
[20:50:28] All clear

[20:55:29] Check | session=20260318-173447-d9e8e0
[20:55:29] All clear

[21:00:30] Check | session=20260318-173447-d9e8e0
[21:00:30] All clear

[21:05:31] Check | session=20260318-173447-d9e8e0
[21:05:31] All clear

[21:10:32] Check | session=20260318-173447-d9e8e0
[21:10:32] All clear

[21:15:33] Check | session=20260318-173447-d9e8e0
[21:15:33] All clear

[21:20:34] Check | session=20260318-173447-d9e8e0
[21:20:34] All clear

[21:25:35] Check | session=20260318-173447-d9e8e0
[21:25:35] All clear

[21:30:36] Check | session=20260318-173447-d9e8e0
[21:30:36] All clear

[21:35:37] Check | session=20260318-173447-d9e8e0
[21:35:37] All clear

[21:40:38] Check | session=20260318-173447-d9e8e0
[21:40:38] All clear

[21:45:39] Check | session=20260318-173447-d9e8e0
[21:45:39] All clear

[21:50:40] Check | session=20260318-173447-d9e8e0
[21:50:40] All clear

[21:55:41] Check | session=20260318-173447-d9e8e0
[21:55:41] All clear

[22:00:42] Check | session=20260318-173447-d9e8e0
[22:00:42] All clear

[22:05:42] Check | session=20260318-173447-d9e8e0
[22:05:42] All clear

[22:10:43] Check | session=20260318-173447-d9e8e0
[22:10:43] All clear

[22:15:44] Check | session=20260318-173447-d9e8e0
[22:15:44] All clear

[22:20:45] Check | session=20260318-173447-d9e8e0
[22:20:45] All clear

[22:25:46] Check | session=20260318-173447-d9e8e0
[22:25:46] All clear

[22:30:47] Check | session=20260318-173447-d9e8e0
  KXGREENLAND-29: API error (HTTPSConnectionPool(host='api.elections.kalshi.com', port=443): Read timed out. (read timeout=15))
  KXTRUMPREMOVE: API error (HTTPSConnectionPool(host='api.elections.kalshi.com', port=443): Read timed out. (read timeout=15))
  KXGREENLANDPRICE-29JAN21-NOACQ: API error (HTTPSConnectionPool(host='api.elections.kalshi.com', port=443): Read timed out. (read timeout=15))
[22:30:47] All clear

[22:36:33] Check | session=20260318-173447-d9e8e0
[22:36:33] All clear

[22:41:34] Check | session=20260318-173447-d9e8e0
[22:41:34] All clear

[22:46:35] Check | session=20260318-173447-d9e8e0
[22:46:35] All clear

[22:51:36] Check | session=20260318-173447-d9e8e0
[22:51:36] All clear

[22:56:36] Check | session=20260318-173447-d9e8e0
[22:56:36] All clear

[23:01:37] Check | session=20260318-173447-d9e8e0
[23:01:37] All clear

[23:06:38] Check | session=20260318-173447-d9e8e0
[23:06:38] All clear

[23:11:39] Check | session=20260318-173447-d9e8e0
[23:11:39] All clear

[23:16:40] Check | session=20260318-173447-d9e8e0
[23:16:40] All clear

[23:21:41] Check | session=20260318-173447-d9e8e0
[23:21:41] All clear

[23:26:42] Check | session=20260318-173447-d9e8e0
[23:26:42] All clear

[23:31:43] Check | session=20260318-173447-d9e8e0
[23:31:43] All clear

[23:36:44] Check | session=20260318-173447-d9e8e0
[23:36:44] All clear

[23:41:45] Check | session=20260318-173447-d9e8e0
[23:41:45] All clear

[23:46:45] Check | session=20260318-173447-d9e8e0
[23:46:45] All clear

[23:51:46] Check | session=20260318-173447-d9e8e0
[23:51:46] All clear

[23:56:47] Check | session=20260318-173447-d9e8e0
[23:56:47] All clear

[00:01:48] Check | session=20260318-173447-d9e8e0
[00:01:48] All clear

[00:06:49] Check | session=20260318-173447-d9e8e0
[00:06:49] All clear

[00:11:50] Check | session=20260318-173447-d9e8e0
[00:11:50] All clear

[00:16:51] Check | session=20260318-173447-d9e8e0
[00:16:51] All clear

[00:21:52] Check | session=20260318-173447-d9e8e0
[00:21:52] All clear

[00:26:53] Check | session=20260318-173447-d9e8e0
[00:26:53] All clear

[00:31:54] Check | session=20260318-173447-d9e8e0
[00:31:54] All clear

[00:36:54] Check | session=20260318-173447-d9e8e0
[00:36:54] All clear

[00:41:55] Check | session=20260318-173447-d9e8e0
[00:41:55] All clear

[00:46:56] Check | session=20260318-173447-d9e8e0
[00:46:56] All clear

[00:51:57] Check | session=20260318-173447-d9e8e0
[00:51:57] All clear

[00:56:58] Check | session=20260318-173447-d9e8e0
[00:56:58] All clear

[01:01:59] Check | session=20260318-173447-d9e8e0
[01:01:59] All clear

[01:07:00] Check | session=20260318-173447-d9e8e0
[01:07:00] All clear

[01:12:01] Check | session=20260318-173447-d9e8e0
[01:12:01] All clear

[01:17:02] Check | session=20260318-173447-d9e8e0
[01:17:02] All clear

[01:22:02] Check | session=20260318-173447-d9e8e0
[01:22:02] All clear

[01:27:03] Check | session=20260318-173447-d9e8e0
[01:27:03] All clear

[01:32:04] Check | session=20260318-173447-d9e8e0
[01:32:04] All clear

[01:37:05] Check | session=20260318-173447-d9e8e0
[01:37:05] All clear

[01:42:06] Check | session=20260318-173447-d9e8e0
[01:42:06] All clear

[01:47:07] Check | session=20260318-173447-d9e8e0
[01:47:07] All clear

[01:52:08] Check | session=20260318-173447-d9e8e0
[01:52:08] All clear

[01:57:09] Check | session=20260318-173447-d9e8e0
[01:57:09] All clear

[02:02:10] Check | session=20260318-173447-d9e8e0
[02:02:10] All clear

[02:07:11] Check | session=20260318-173447-d9e8e0
[02:07:11] All clear

[02:12:12] Check | session=20260318-173447-d9e8e0
[02:12:12] All clear

[02:17:13] Check | session=20260318-173447-d9e8e0
[02:17:13] All clear

[02:22:14] Check | session=20260318-173447-d9e8e0
[02:22:14] All clear

[02:27:14] Check | session=20260318-173447-d9e8e0
[02:27:14] All clear

[02:32:15] Check | session=20260318-173447-d9e8e0
[02:32:15] All clear

[02:37:17] Check | session=20260318-173447-d9e8e0
[02:37:17] All clear

[02:42:17] Check | session=20260318-173447-d9e8e0
[02:42:17] All clear

[02:47:18] Check | session=20260318-173447-d9e8e0
[02:47:18] All clear

[02:52:19] Check | session=20260318-173447-d9e8e0
[02:52:19] All clear

[02:57:20] Check | session=20260318-173447-d9e8e0
[02:57:20] All clear

[03:02:21] Check | session=20260318-173447-d9e8e0
[03:02:21] All clear

[03:07:22] Check | session=20260318-173447-d9e8e0
[03:07:22] All clear

[03:12:23] Check | session=20260318-173447-d9e8e0
[03:12:23] All clear

[03:17:24] Check | session=20260318-173447-d9e8e0
[03:17:24] All clear

[03:22:24] Check | session=20260318-173447-d9e8e0
[03:22:24] All clear

[03:27:25] Check | session=20260318-173447-d9e8e0
[03:27:25] All clear

[03:32:26] Check | session=20260318-173447-d9e8e0
[03:32:26] All clear

[03:37:27] Check | session=20260318-173447-d9e8e0
[03:37:27] All clear

[03:42:28] Check | session=20260318-173447-d9e8e0
[03:42:28] All clear

[03:47:28] Check | session=20260318-173447-d9e8e0
[03:47:28] All clear

[03:52:29] Check | session=20260318-173447-d9e8e0
[03:52:29] All clear

[03:57:30] Check | session=20260318-173447-d9e8e0
[03:57:30] All clear

[04:02:31] Check | session=20260318-173447-d9e8e0
[04:02:31] All clear

[04:07:32] Check | session=20260318-173447-d9e8e0
[04:07:32] All clear

[04:12:34] Check | session=20260318-173447-d9e8e0
[04:12:34] All clear

[04:17:35] Check | session=20260318-173447-d9e8e0
[04:17:35] All clear

[04:22:36] Check | session=20260318-173447-d9e8e0
[04:22:36] All clear

[04:27:37] Check | session=20260318-173447-d9e8e0
[04:27:37] All clear

[04:32:38] Check | session=20260318-173447-d9e8e0
[04:32:38] All clear

[04:37:39] Check | session=20260318-173447-d9e8e0
[04:37:39] All clear

[04:42:39] Check | session=20260318-173447-d9e8e0
[04:42:39] All clear

[04:47:40] Check | session=20260318-173447-d9e8e0
[04:47:40] All clear

[04:52:42] Check | session=20260318-173447-d9e8e0
[04:52:42] All clear

[04:57:43] Check | session=20260318-173447-d9e8e0
[04:57:43] All clear

[05:02:44] Check | session=20260318-173447-d9e8e0
[05:02:44] All clear

[05:07:45] Check | session=20260318-173447-d9e8e0
[05:07:45] All clear

[05:12:45] Check | session=20260318-173447-d9e8e0
[05:12:45] All clear

[05:17:46] Check | session=20260318-173447-d9e8e0
[05:17:46] All clear

[05:22:47] Check | session=20260318-173447-d9e8e0
[05:22:47] All clear

[05:27:48] Check | session=20260318-173447-d9e8e0
[05:27:48] All clear

[05:32:49] Check | session=20260318-173447-d9e8e0
[05:32:49] All clear

[05:37:50] Check | session=20260318-173447-d9e8e0
[05:37:50] All clear

[05:42:51] Check | session=20260318-173447-d9e8e0
[05:42:51] All clear

[05:47:52] Check | session=20260318-173447-d9e8e0
[05:47:52] All clear

[05:52:53] Check | session=20260318-173447-d9e8e0
[05:52:53] All clear

[05:57:54] Check | session=20260318-173447-d9e8e0
[05:57:54] All clear

[06:02:54] Check | session=20260318-173447-d9e8e0
[06:02:54] All clear

[06:07:55] Check | session=20260318-173447-d9e8e0
[06:07:55] All clear

[06:12:56] Check | session=20260318-173447-d9e8e0
[06:12:56] All clear

[06:17:57] Check | session=20260318-173447-d9e8e0
[06:17:57] All clear

[06:22:58] Check | session=20260318-173447-d9e8e0
[06:22:58] All clear

[06:27:59] Check | session=20260318-173447-d9e8e0
[06:27:59] All clear

[06:33:00] Check | session=20260318-173447-d9e8e0
[06:33:00] All clear

[06:38:00] Check | session=20260318-173447-d9e8e0
[06:38:00] All clear

[06:43:01] Check | session=20260318-173447-d9e8e0
[06:43:01] All clear

[06:48:02] Check | session=20260318-173447-d9e8e0
[06:48:02] All clear

[06:53:03] Check | session=20260318-173447-d9e8e0
[06:53:03] All clear

[06:58:04] Check | session=20260318-173447-d9e8e0
[06:58:04] All clear

[07:03:05] Check | session=20260318-173447-d9e8e0
[07:03:05] All clear

[07:08:06] Check | session=20260318-173447-d9e8e0
[07:08:06] All clear

[07:13:07] Check | session=20260318-173447-d9e8e0
[07:13:07] All clear

[07:18:08] Check | session=20260318-173447-d9e8e0
[07:18:08] All clear

[07:23:09] Check | session=20260318-173447-d9e8e0
[07:23:09] All clear

[07:28:11] Check | session=20260318-173447-d9e8e0
[07:28:11] All clear

[07:33:12] Check | session=20260318-173447-d9e8e0
[07:33:12] All clear

[07:38:13] Check | session=20260318-173447-d9e8e0
[07:38:13] All clear

[07:43:14] Check | session=20260318-173447-d9e8e0
[07:43:14] All clear

[07:48:15] Check | session=20260318-173447-d9e8e0
[07:48:15] All clear

[07:53:16] Check | session=20260318-173447-d9e8e0
[07:53:16] All clear

[07:58:17] Check | session=20260318-173447-d9e8e0
[07:58:17] All clear

[08:03:18] Check | session=20260318-173447-d9e8e0
[08:03:18] All clear

[08:08:19] Check | session=20260318-173447-d9e8e0
[08:08:19] All clear

[08:13:20] Check | session=20260318-173447-d9e8e0
[08:13:20] All clear

[08:18:21] Check | session=20260318-173447-d9e8e0
[08:18:21] All clear

[08:23:22] Check | session=20260318-173447-d9e8e0
[08:23:22] All clear

[08:28:23] Check | session=20260318-173447-d9e8e0
[08:28:23] All clear

[08:33:25] Check | session=20260318-173447-d9e8e0
[08:33:25] All clear

[08:38:26] Check | session=20260318-173447-d9e8e0
[08:38:26] All clear

[08:43:27] Check | session=20260318-173447-d9e8e0
[08:43:27] All clear

[08:48:28] Check | session=20260318-173447-d9e8e0
[08:48:28] All clear

[08:53:29] Check | session=20260318-173447-d9e8e0
[08:53:29] All clear

[08:58:30] Check | session=20260318-173447-d9e8e0
[08:58:30] All clear

[09:03:31] Check | session=20260318-173447-d9e8e0
[09:03:31] All clear

[09:08:32] Check | session=20260318-173447-d9e8e0
[09:08:32] All clear

[09:13:33] Check | session=20260318-173447-d9e8e0
[09:13:33] All clear

[09:18:34] Check | session=20260318-173447-d9e8e0
[09:18:34] All clear

[09:23:35] Check | session=20260318-173447-d9e8e0
[09:23:35] All clear

[09:28:36] Check | session=20260318-173447-d9e8e0
[09:28:36] All clear

[09:33:37] Check | session=20260318-173447-d9e8e0
[09:33:37] All clear

[09:38:38] Check | session=20260318-173447-d9e8e0
[09:38:38] All clear

[09:43:39] Check | session=20260318-173447-d9e8e0
[09:43:39] All clear

[09:48:40] Check | session=20260318-173447-d9e8e0
[09:48:40] All clear

[09:53:42] Check | session=20260318-173447-d9e8e0
[09:53:42] All clear

[09:58:43] Check | session=20260318-173447-d9e8e0
[09:58:43] All clear

[10:03:44] Check | session=20260318-173447-d9e8e0
[10:03:44] All clear

[10:08:45] Check | session=20260318-173447-d9e8e0
[10:08:45] All clear

[10:13:46] Check | session=20260318-173447-d9e8e0
[10:13:46] All clear

[10:18:47] Check | session=20260318-173447-d9e8e0
[10:18:47] All clear

[10:23:48] Check | session=20260318-173447-d9e8e0
[10:23:48] All clear

[10:28:49] Check | session=20260318-173447-d9e8e0
[10:28:49] All clear

[10:33:50] Check | session=20260318-173447-d9e8e0
[10:33:50] All clear

[10:38:51] Check | session=20260318-173447-d9e8e0
[10:38:51] All clear

[10:43:52] Check | session=20260318-173447-d9e8e0
[10:43:52] All clear

[10:48:53] Check | session=20260318-173447-d9e8e0
[10:48:53] All clear

[10:53:54] Check | session=20260318-173447-d9e8e0
[10:53:54] All clear

[10:58:55] Check | session=20260318-173447-d9e8e0
[10:58:55] All clear

[11:03:56] Check | session=20260318-173447-d9e8e0
[11:03:56] All clear

[11:08:57] Check | session=20260318-173447-d9e8e0
[11:08:57] All clear

[11:13:58] Check | session=20260318-173447-d9e8e0
[11:13:58] All clear

[11:18:59] Check | session=20260318-173447-d9e8e0
[11:18:59] All clear

[11:24:00] Check | session=20260318-173447-d9e8e0
[11:24:00] All clear

[11:29:02] Check | session=20260318-173447-d9e8e0
[11:29:02] All clear

[11:34:03] Check | session=20260318-173447-d9e8e0
[11:34:03] All clear

[11:39:04] Check | session=20260318-173447-d9e8e0
[11:39:04] All clear

[11:44:05] Check | session=20260318-173447-d9e8e0
[11:44:05] All clear

[11:49:06] Check | session=20260318-173447-d9e8e0
[11:49:06] All clear

[11:54:07] Check | session=20260318-173447-d9e8e0
[11:54:07] All clear

[11:59:08] Check | session=20260318-173447-d9e8e0
[11:59:08] All clear

[12:04:09] Check | session=20260318-173447-d9e8e0
[12:04:09] All clear

[12:09:10] Check | session=20260318-173447-d9e8e0
[12:09:10] All clear

[12:14:11] Check | session=20260318-173447-d9e8e0
[12:14:11] All clear

[12:19:12] Check | session=20260318-173447-d9e8e0
[12:19:12] All clear

[12:24:13] Check | session=20260318-173447-d9e8e0
[12:24:13] All clear

[12:29:15] Check | session=20260318-173447-d9e8e0
[12:29:15] All clear

[12:34:16] Check | session=20260318-173447-d9e8e0
[12:34:16] All clear

[12:39:17] Check | session=20260318-173447-d9e8e0
[12:39:17] All clear

[12:44:19] Check | session=20260318-173447-d9e8e0
[12:44:19] All clear

[12:49:20] Check | session=20260318-173447-d9e8e0
[12:49:20] All clear

[12:54:21] Check | session=20260318-173447-d9e8e0
[12:54:21] All clear
Monitor stopped.
MM Monitor started | interval=300s | db=data/mm_paper.db
[13:09:26] No snapshots yet — bot may still be starting

[13:14:26] Check | session=20260319-130921-e5e067
[13:14:26] All clear

[13:19:27] Check | session=20260319-130921-e5e067
[13:19:27] All clear

[13:24:28] Check | session=20260319-130921-e5e067
[13:24:28] All clear

[13:29:29] Check | session=20260319-130921-e5e067
[13:29:29] All clear

[13:34:30] Check | session=20260319-130921-e5e067
[13:34:30] All clear

[13:39:31] Check | session=20260319-130921-e5e067
[13:39:31] All clear

[13:44:32] Check | session=20260319-130921-e5e067
[13:44:32] All clear

[13:49:34] Check | session=20260319-130921-e5e067
[13:49:34] All clear

[13:54:35] Check | session=20260319-130921-e5e067
[13:54:35] All clear

[13:59:36] Check | session=20260319-130921-e5e067
[13:59:36] All clear

[14:04:37] Check | session=20260319-130921-e5e067
[14:04:37] All clear

[14:09:38] Check | session=20260319-130921-e5e067
[14:09:38] All clear

[14:14:39] Check | session=20260319-130921-e5e067
  KXGREENLAND-29: API error (HTTPSConnectionPool(host='api.elections.kalshi.com', port=443): Read timed out. (read timeout=15))
  KXTRUMPREMOVE: API error (HTTPSConnectionPool(host='api.elections.kalshi.com', port=443): Read timed out. (read timeout=15))
[14:14:39] All clear

[14:20:10] Check | session=20260319-130921-e5e067
[14:20:10] All clear

[14:25:11] Check | session=20260319-130921-e5e067
[14:25:11] All clear

[14:30:13] Check | session=20260319-130921-e5e067
[14:30:13] All clear

[14:35:14] Check | session=20260319-130921-e5e067
[14:35:14] All clear

[14:40:15] Check | session=20260319-130921-e5e067
[14:40:15] All clear

[14:45:16] Check | session=20260319-130921-e5e067
[14:45:16] All clear

[14:50:18] Check | session=20260319-130921-e5e067
[14:50:18] All clear

[14:55:19] Check | session=20260319-130921-e5e067
[14:55:19] All clear

[15:00:20] Check | session=20260319-130921-e5e067
[15:00:20] All clear

[15:05:21] Check | session=20260319-130921-e5e067
[15:05:21] All clear

[15:10:22] Check | session=20260319-130921-e5e067
[15:10:22] All clear

[15:15:24] Check | session=20260319-130921-e5e067
[15:15:24] All clear

[15:20:25] Check | session=20260319-130921-e5e067
[15:20:25] All clear

[15:25:28] Check | session=20260319-130921-e5e067
[15:25:28] All clear

[15:30:30] Check | session=20260319-130921-e5e067
[15:30:30] All clear

[15:35:31] Check | session=20260319-130921-e5e067
[15:35:31] All clear

[15:40:32] Check | session=20260319-130921-e5e067
[15:40:32] All clear

[15:45:33] Check | session=20260319-130921-e5e067
[15:45:33] All clear

[15:50:34] Check | session=20260319-130921-e5e067
[15:50:34] All clear

[15:55:36] Check | session=20260319-130921-e5e067
[15:55:36] All clear

[16:00:37] Check | session=20260319-130921-e5e067
[16:00:37] All clear

[16:05:38] Check | session=20260319-130921-e5e067
[16:05:38] All clear

[16:10:39] Check | session=20260319-130921-e5e067
[16:10:39] All clear

[16:15:41] Check | session=20260319-130921-e5e067
[16:15:41] All clear

[16:20:42] Check | session=20260319-130921-e5e067
[16:20:42] All clear

[16:25:43] Check | session=20260319-130921-e5e067
[16:25:43] All clear

[16:30:45] Check | session=20260319-130921-e5e067
[16:30:45] All clear

[16:35:47] Check | session=20260319-130921-e5e067
[16:35:47] All clear

[16:40:48] Check | session=20260319-130921-e5e067
[16:40:48] All clear

[16:45:49] Check | session=20260319-130921-e5e067
[16:45:49] All clear

[16:50:51] Check | session=20260319-130921-e5e067
[16:50:51] All clear

[16:55:52] Check | session=20260319-130921-e5e067
[16:55:52] All clear

[17:00:53] Check | session=20260319-130921-e5e067
[17:00:53] All clear

[17:05:54] Check | session=20260319-130921-e5e067
[17:05:54] All clear

[17:10:55] Check | session=20260319-130921-e5e067
[17:10:55] All clear

[17:15:57] Check | session=20260319-130921-e5e067
[17:15:57] All clear

[17:20:58] Check | session=20260319-130921-e5e067
[17:20:58] All clear

[17:25:59] Check | session=20260319-130921-e5e067
[17:25:59] All clear

[17:31:00] Check | session=20260319-130921-e5e067
[17:31:00] All clear

[17:36:03] Check | session=20260319-130921-e5e067
[17:36:03] All clear

[17:41:04] Check | session=20260319-130921-e5e067
[17:41:04] All clear

[17:46:05] Check | session=20260319-130921-e5e067
[17:46:05] All clear

[17:51:07] Check | session=20260319-130921-e5e067
[17:51:07] All clear

[17:56:08] Check | session=20260319-130921-e5e067
[17:56:08] All clear

[18:01:09] Check | session=20260319-130921-e5e067
[18:01:09] All clear

[18:06:10] Check | session=20260319-130921-e5e067
[18:06:10] All clear

[18:11:12] Check | session=20260319-130921-e5e067
[18:11:12] All clear

[18:16:13] Check | session=20260319-130921-e5e067
[18:16:13] All clear

[18:21:14] Check | session=20260319-130921-e5e067
[18:21:14] All clear

[18:26:16] Check | session=20260319-130921-e5e067
[18:26:16] All clear

[18:31:17] Check | session=20260319-130921-e5e067
[18:31:17] All clear

[18:36:18] Check | session=20260319-130921-e5e067
[18:36:18] All clear

[18:41:20] Check | session=20260319-130921-e5e067
[18:41:20] All clear

[18:46:22] Check | session=20260319-130921-e5e067
[18:46:22] All clear

[18:51:23] Check | session=20260319-130921-e5e067
[18:51:23] All clear

[18:56:24] Check | session=20260319-130921-e5e067
[18:56:24] All clear

[19:01:25] Check | session=20260319-130921-e5e067
[19:01:25] All clear

[19:06:26] Check | session=20260319-130921-e5e067
[19:06:26] All clear

[19:11:28] Check | session=20260319-130921-e5e067
[19:11:28] All clear

[19:16:29] Check | session=20260319-130921-e5e067
[19:16:29] All clear

[19:21:30] Check | session=20260319-130921-e5e067
[19:21:30] All clear

[19:26:31] Check | session=20260319-130921-e5e067
[19:26:31] All clear

[19:31:33] Check | session=20260319-130921-e5e067
[19:31:33] All clear

[19:36:34] Check | session=20260319-130921-e5e067
[19:36:34] All clear

[19:41:36] Check | session=20260319-130921-e5e067
[19:41:36] All clear

[19:46:39] Check | session=20260319-130921-e5e067
[19:46:39] All clear

[19:51:40] Check | session=20260319-130921-e5e067
[19:51:40] All clear

[19:56:41] Check | session=20260319-130921-e5e067
[19:56:41] All clear

[20:01:43] Check | session=20260319-130921-e5e067
[20:01:43] All clear

[20:06:44] Check | session=20260319-130921-e5e067
[20:06:44] All clear

[20:11:46] Check | session=20260319-130921-e5e067
[20:11:46] All clear

[20:16:47] Check | session=20260319-130921-e5e067
[20:16:47] All clear

[20:21:48] Check | session=20260319-130921-e5e067
[20:21:48] All clear

[20:26:49] Check | session=20260319-130921-e5e067
[20:26:49] All clear

[20:31:50] Check | session=20260319-130921-e5e067
[20:31:50] All clear

[20:36:52] Check | session=20260319-130921-e5e067
[20:36:52] All clear

[20:41:53] Check | session=20260319-130921-e5e067
[20:41:53] All clear

[20:46:54] Check | session=20260319-130921-e5e067
[20:46:54] All clear

[20:51:55] Check | session=20260319-130921-e5e067
[20:51:55] All clear

[20:56:56] Check | session=20260319-130921-e5e067
[20:56:56] All clear

[21:01:57] Check | session=20260319-130921-e5e067
[21:01:57] All clear

[21:06:59] Check | session=20260319-130921-e5e067
[21:06:59] All clear

[21:12:00] Check | session=20260319-130921-e5e067
[21:12:00] All clear

[21:17:01] Check | session=20260319-130921-e5e067
[21:17:01] All clear

[21:22:02] Check | session=20260319-130921-e5e067
[21:22:02] All clear

[21:27:03] Check | session=20260319-130921-e5e067
[21:27:03] All clear

[21:32:05] Check | session=20260319-130921-e5e067
[21:32:05] All clear

[21:37:05] Check | session=20260319-130921-e5e067
[21:37:05] All clear

[21:42:07] Check | session=20260319-130921-e5e067
[21:42:07] All clear

[21:47:08] Check | session=20260319-130921-e5e067
[21:47:08] All clear

[21:52:09] Check | session=20260319-130921-e5e067
[21:52:09] All clear

[21:57:11] Check | session=20260319-130921-e5e067
[21:57:11] All clear

[22:02:13] Check | session=20260319-130921-e5e067
[22:02:13] All clear

[22:07:14] Check | session=20260319-130921-e5e067
  KXGREENLAND-29: API error (HTTPSConnectionPool(host='api.elections.kalshi.com', port=443): Read timed out. (read timeout=15))
[22:07:14] All clear

[22:12:30] Check | session=20260319-130921-e5e067
[22:12:30] All clear

[22:17:33] Check | session=20260319-130921-e5e067
[22:17:33] All clear

[22:22:34] Check | session=20260319-130921-e5e067
[22:22:34] All clear

[22:27:35] Check | session=20260319-130921-e5e067
[22:27:35] All clear

[22:32:36] Check | session=20260319-130921-e5e067
[22:32:36] All clear

[22:37:39] Check | session=20260319-130921-e5e067
[22:37:39] All clear

[22:42:40] Check | session=20260319-130921-e5e067
[22:42:40] All clear

[22:47:41] Check | session=20260319-130921-e5e067
[22:47:41] All clear

[22:52:42] Check | session=20260319-130921-e5e067
[22:52:42] All clear

[22:57:43] Check | session=20260319-130921-e5e067
[22:57:43] All clear

[23:02:44] Check | session=20260319-130921-e5e067
[23:02:44] All clear

[23:07:45] Check | session=20260319-130921-e5e067
[23:07:45] All clear

[23:12:46] Check | session=20260319-130921-e5e067
[23:12:46] All clear

[23:17:48] Check | session=20260319-130921-e5e067
[23:17:48] All clear

[23:22:50] Check | session=20260319-130921-e5e067
[23:22:50] All clear

[23:27:51] Check | session=20260319-130921-e5e067
[23:27:51] All clear

[23:32:52] Check | session=20260319-130921-e5e067
[23:32:52] All clear

[23:37:53] Check | session=20260319-130921-e5e067
[23:37:53] All clear

[23:42:55] Check | session=20260319-130921-e5e067
[23:42:55] All clear

[23:47:56] Check | session=20260319-130921-e5e067
[23:47:56] All clear

[23:52:57] Check | session=20260319-130921-e5e067
[23:52:57] All clear

[23:57:58] Check | session=20260319-130921-e5e067
[23:57:58] All clear

[00:03:00] Check | session=20260319-130921-e5e067
[00:03:00] All clear

[00:08:01] Check | session=20260319-130921-e5e067
[00:08:01] All clear

[00:13:01] Check | session=20260319-130921-e5e067
[00:13:01] All clear

[00:18:02] Check | session=20260319-130921-e5e067
[00:18:02] All clear

[00:23:03] Check | session=20260319-130921-e5e067
[00:23:03] All clear

[00:28:04] Check | session=20260319-130921-e5e067
[00:28:04] All clear

[00:33:05] Check | session=20260319-130921-e5e067
[00:33:05] All clear

[00:38:06] Check | session=20260319-130921-e5e067
[00:38:06] All clear

[00:43:07] Check | session=20260319-130921-e5e067
[00:43:07] All clear

[00:48:08] Check | session=20260319-130921-e5e067
[00:48:08] All clear

[00:53:09] Check | session=20260319-130921-e5e067
[00:53:09] All clear

[00:58:10] Check | session=20260319-130921-e5e067
[00:58:10] All clear

[01:03:12] Check | session=20260319-130921-e5e067
[01:03:12] All clear

[01:08:13] Check | session=20260319-130921-e5e067
[01:08:13] All clear

[01:13:15] Check | session=20260319-130921-e5e067
[01:13:15] All clear
Monitor stopped.
